Arguments: 
  /home/rmeissner/.nvm/versions/node/v10.19.0/bin/node /usr/share/yarn/bin/yarn.js add docusaurus

PATH: 
  /home/linuxbrew/.linuxbrew/bin:/home/linuxbrew/.linuxbrew/sbin:/home/linuxbrew/.linuxbrew/bin:/home/linuxbrew/.linuxbrew/sbin:/home/rmeissner/.nvm/versions/node/v10.19.0/bin:/home/linuxbrew/.linuxbrew/bin:/home/linuxbrew/.linuxbrew/sbin:/home/linuxbrew/.linuxbrew/bin:/home/linuxbrew/.linuxbrew/sbin:/home/linuxbrew/.linuxbrew/bin:/home/linuxbrew/.linuxbrew/sbin:/usr/local/sbin:/usr/local/bin:/usr/sbin:/usr/bin:/sbin:/bin:/usr/games:/usr/local/games:/mnt/c/Program Files/WindowsApps/CanonicalGroupLimited.Ubuntu18.04onWindows_2020.1804.7.0_x64__79rhkp1fndgsc:/mnt/d/Programme/Python27/:/mnt/d/Programme/Python27/Scripts:/mnt/c/Program Files (x86)/Common Files/Oracle/Java/javapath:/mnt/c/ProgramData/Oracle/Java/javapath:/mnt/c/Program Files/Java/jdk1.8.0_92/bin:/mnt/c/WINDOWS/system32:/mnt/c/WINDOWS:/mnt/c/WINDOWS/System32/Wbem:/mnt/c/WINDOWS/System32/WindowsPowerShell/v1.0/:/mnt/d/Programme/MiKTeX 2.9/miktex/bin/:/mnt/d/Programme/Python27:/mnt/c/Program Files (x86)/NVIDIA Corporation/PhysX/Common:/mnt/c/WINDOWS/system32:/mnt/c/WINDOWS:/mnt/c/WINDOWS/System32/Wbem:/mnt/c/WINDOWS/System32/WindowsPowerShell/v1.0/:/mnt/c/Program Files/Git/cmd:/mnt/c/Program Files (x86)/Windows Kits/8.1/Windows Performance Toolkit/:/mnt/c/Program Files (x86)/Heroku/bin:/mnt/c/Program Files (x86)/git/cmd:/mnt/c/Program Files (x86)/Git/cmd:/mnt/d/Programme/nodejs/:/mnt/c/WINDOWS/System32/OpenSSH/:/mnt/d/Programme/Microsoft VS Code/bin:/mnt/c/Users/Richard/scoop/shims:/mnt/d/Programme/Python37/Scripts/:/mnt/d/Programme/Python37/:/mnt/d/Programme/Ruby25-x64/bin:/mnt/c/Users/Richard/AppData/Local/Programs/Python/Python36/Scripts/:/mnt/c/Users/Richard/AppData/Local/Programs/Python/Python36/:/mnt/c/Program Files/PostgreSQL/9.5/bin:/mnt/c/Program Files (x86)/sqlite-tools:/mnt/c/Program Files (x86)/Binaries:/mnt/c/Users/Richard/AppData/Local/Microsoft/WindowsApps:/mnt/c/Users/Richard/AppData/Local/Google/Cloud SDK/google-cloud-sdk/bin:/mnt/c/Users/Richard/AppData/Local/atom/bin:/mnt/c/Users/Richard/AppData/Roaming/npm:/mnt/d/Programme/Heroku/bin:/mnt/c/Users/Richard/AppData/Local/GitHubDesktop/bin:/mnt/c/Users/Richard/AppData/Local/Microsoft/WindowsApps:/mnt/c/Users/Richard/AppData/Local/Programs/Microsoft VS Code/bin:/mnt/d/Programme/FAHClient

Yarn version: 
  1.22.4

Node version: 
  10.19.0

Platform: 
  linux x64

Trace: 
  Error: EPERM: operation not permitted, copyfile '/home/rmeissner/.cache/yarn/v6/npm-@types-node-13.9.5-59738bf30b31aea1faa2df7f4a5f55613750cf00-integrity/node_modules/@types/node/LICENSE' -> '/mnt/d/Richard/Projects/safe-docs/website/node_modules/@types/node/LICENSE'

npm manifest: 
  {
    "scripts": {
      "examples": "docusaurus-examples",
      "start": "docusaurus-start",
      "build": "docusaurus-build",
      "publish-gh-pages": "docusaurus-publish",
      "write-translations": "docusaurus-write-translations",
      "version": "docusaurus-version",
      "rename-version": "docusaurus-rename-version"
    },
    "devDependencies": {
      "docusaurus": "^1.14.3"
    }
  }

yarn manifest: 
  No manifest

Lockfile: 
  No lockfile
